# JRE version: OpenJDK Runtime Environment (8.0_152-b01) (build 1.8.0_152-release-884-b01)
# Java VM: OpenJDK 64-Bit Server VM (25.152-b01 mixed mode bsd-amd64 compressed oops)
Heap:
 PSYoungGen      total 484864K, used 377454K [0x00000007a0000000, 0x00000007bff80000, 0x00000007c0000000)
  eden space 444416K, 80% used [0x00000007a0000000,0x00000007b5d45110,0x00000007bb200000)
  from space 40448K, 48% used [0x00000007bd800000,0x00000007beb56aa0,0x00000007bff80000)
  to   space 38912K, 0% used [0x00000007bb200000,0x00000007bb200000,0x00000007bd800000)
 ParOldGen       total 209920K, used 54126K [0x0000000760000000, 0x000000076cd00000, 0x00000007a0000000)
  object space 209920K, 25% used [0x0000000760000000,0x00000007634dbaf0,0x000000076cd00000)
 Metaspace       used 66647K, capacity 69350K, committed 69632K, reserved 1110016K
  class space    used 7641K, capacity 8145K, committed 8192K, reserved 1048576K
GC Heap History (10 events):
Event: 315.149 GC heap before
{Heap before GC invocations=26 (full 4):
 PSYoungGen      total 475648K, used 447431K [0x00000007a0000000, 0x00000007c0000000, 0x00000007c0000000)
  eden space 432128K, 100% used [0x00000007a0000000,0x00000007ba600000,0x00000007ba600000)
  from space 43520K, 35% used [0x00000007ba600000,0x00000007bb4f1dd8,0x00000007bd080000)
  to   space 41984K, 0% used [0x00000007bd700000,0x00000007bd700000,0x00000007c0000000)
 ParOldGen       total 209920K, used 54086K [0x0000000760000000, 0x000000076cd00000, 0x00000007a0000000)
  object space 209920K, 25% used [0x0000000760000000,0x00000007634d1af0,0x000000076cd00000)
 Metaspace       used 64004K, capacity 66300K, committed 66560K, reserved 1107968K
  class space    used 7392K, capacity 7860K, committed 7936K, reserved 1048576K
Event: 315.170 GC heap after
Heap after GC invocations=26 (full 4):
 PSYoungGen      total 475136K, used 17697K [0x00000007a0000000, 0x00000007bfa80000, 0x00000007c0000000)
  eden space 438784K, 0% used [0x00000007a0000000,0x00000007a0000000,0x00000007bac80000)
  from space 36352K, 48% used [0x00000007bd700000,0x00000007be8484a0,0x00000007bfa80000)
  to   space 39936K, 0% used [0x00000007bac80000,0x00000007bac80000,0x00000007bd380000)
 ParOldGen       total 209920K, used 54094K [0x0000000760000000, 0x000000076cd00000, 0x00000007a0000000)
  object space 209920K, 25% used [0x0000000760000000,0x00000007634d3af0,0x000000076cd00000)
 Metaspace       used 64004K, capacity 66300K, committed 66560K, reserved 1107968K
  class space    used 7392K, capacity 7860K, committed 7936K, reserved 1048576K
}
Event: 350.654 GC heap before
{Heap before GC invocations=27 (full 4):
 PSYoungGen      total 475136K, used 456481K [0x00000007a0000000, 0x00000007bfa80000, 0x00000007c0000000)
  eden space 438784K, 100% used [0x00000007a0000000,0x00000007bac80000,0x00000007bac80000)
  from space 36352K, 48% used [0x00000007bd700000,0x00000007be8484a0,0x00000007bfa80000)
  to   space 39936K, 0% used [0x00000007bac80000,0x00000007bac80000,0x00000007bd380000)
 ParOldGen       total 209920K, used 54094K [0x0000000760000000, 0x000000076cd00000, 0x00000007a0000000)
  object space 209920K, 25% used [0x0000000760000000,0x00000007634d3af0,0x000000076cd00000)
 Metaspace       used 64430K, capacity 66816K, committed 67072K, reserved 1107968K
  class space    used 7433K, capacity 7902K, committed 7936K, reserved 1048576K
Event: 350.682 GC heap after
Heap after GC invocations=27 (full 4):
 PSYoungGen      total 478720K, used 22361K [0x00000007a0000000, 0x00000007c0000000, 0x00000007c0000000)
  eden space 438784K, 0% used [0x00000007a0000000,0x00000007a0000000,0x00000007bac80000)
  from space 39936K, 55% used [0x00000007bac80000,0x00000007bc256658,0x00000007bd380000)
  to   space 38912K, 0% used [0x00000007bda00000,0x00000007bda00000,0x00000007c0000000)
 ParOldGen       total 209920K, used 54102K [0x0000000760000000, 0x000000076cd00000, 0x00000007a0000000)
  object space 209920K, 25% used [0x0000000760000000,0x00000007634d5af0,0x000000076cd00000)
 Metaspace       used 64430K, capacity 66816K, committed 67072K, reserved 1107968K
  class space    used 7433K, capacity 7902K, committed 7936K, reserved 1048576K
}
Event: 371.437 GC heap before
{Heap before GC invocations=28 (full 4):
 PSYoungGen      total 478720K, used 461145K [0x00000007a0000000, 0x00000007c0000000, 0x00000007c0000000)
  eden space 438784K, 100% used [0x00000007a0000000,0x00000007bac80000,0x00000007bac80000)
  from space 39936K, 55% used [0x00000007bac80000,0x00000007bc256658,0x00000007bd380000)
  to   space 38912K, 0% used [0x00000007bda00000,0x00000007bda00000,0x00000007c0000000)
 ParOldGen       total 209920K, used 54102K [0x0000000760000000, 0x000000076cd00000, 0x00000007a0000000)
  object space 209920K, 25% used [0x0000000760000000,0x00000007634d5af0,0x000000076cd00000)
 Metaspace       used 64650K, capacity 67018K, committed 67072K, reserved 1107968K
  class space    used 7434K, capacity 7903K, committed 7936K, reserved 1048576K
Event: 371.471 GC heap after
Heap after GC invocations=28 (full 4):
 PSYoungGen      total 480256K, used 18676K [0x00000007a0000000, 0x00000007bfc00000, 0x00000007c0000000)
  eden space 445440K, 0% used [0x00000007a0000000,0x00000007a0000000,0x00000007bb300000)
  from space 34816K, 53% used [0x00000007bda00000,0x00000007bec3d288,0x00000007bfc00000)
  to   space 37376K, 0% used [0x00000007bb300000,0x00000007bb300000,0x00000007bd780000)
 ParOldGen       total 209920K, used 54110K [0x0000000760000000, 0x000000076cd00000, 0x00000007a0000000)
  object space 209920K, 25% used [0x0000000760000000,0x00000007634d7af0,0x000000076cd00000)
 Metaspace       used 64650K, capacity 67018K, committed 67072K, reserved 1107968K
  class space    used 7434K, capacity 7903K, committed 7936K, reserved 1048576K
}
Event: 374.017 GC heap before
{Heap before GC invocations=29 (full 4):
 PSYoungGen      total 480256K, used 464116K [0x00000007a0000000, 0x00000007bfc00000, 0x00000007c0000000)
  eden space 445440K, 100% used [0x00000007a0000000,0x00000007bb300000,0x00000007bb300000)
  from space 34816K, 53% used [0x00000007bda00000,0x00000007bec3d288,0x00000007bfc00000)
  to   space 37376K, 0% used [0x00000007bb300000,0x00000007bb300000,0x00000007bd780000)
 ParOldGen       total 209920K, used 54110K [0x0000000760000000, 0x000000076cd00000, 0x00000007a0000000)
  object space 209920K, 25% used [0x0000000760000000,0x00000007634d7af0,0x000000076cd00000)
 Metaspace       used 65252K, capacity 67718K, committed 67968K, reserved 1110016K
  class space    used 7499K, capacity 7985K, committed 8064K, reserved 1048576K
Event: 374.055 GC heap after
Heap after GC invocations=29 (full 4):
 PSYoungGen      total 482816K, used 33837K [0x00000007a0000000, 0x00000007c0000000, 0x00000007c0000000)
  eden space 445440K, 0% used [0x00000007a0000000,0x00000007a0000000,0x00000007bb300000)
  from space 37376K, 90% used [0x00000007bb300000,0x00000007bd40b6a0,0x00000007bd780000)
  to   space 40960K, 0% used [0x00000007bd800000,0x00000007bd800000,0x00000007c0000000)
 ParOldGen       total 209920K, used 54118K [0x0000000760000000, 0x000000076cd00000, 0x00000007a0000000)
  object space 209920K, 25% used [0x0000000760000000,0x00000007634d9af0,0x000000076cd00000)
 Metaspace       used 65252K, capacity 67718K, committed 67968K, reserved 1110016K
  class space    used 7499K, capacity 7985K, committed 8064K, reserved 1048576K
}
Event: 385.516 GC heap before
{Heap before GC invocations=30 (full 4):
 PSYoungGen      total 482816K, used 479277K [0x00000007a0000000, 0x00000007c0000000, 0x00000007c0000000)
  eden space 445440K, 100% used [0x00000007a0000000,0x00000007bb300000,0x00000007bb300000)
  from space 37376K, 90% used [0x00000007bb300000,0x00000007bd40b6a0,0x00000007bd780000)
  to   space 40960K, 0% used [0x00000007bd800000,0x00000007bd800000,0x00000007c0000000)
 ParOldGen       total 209920K, used 54118K [0x0000000760000000, 0x000000076cd00000, 0x00000007a0000000)
  object space 209920K, 25% used [0x0000000760000000,0x00000007634d9af0,0x000000076cd00000)
 Metaspace       used 66009K, capacity 68598K, committed 68864K, reserved 1110016K
  class space    used 7568K, capacity 8065K, committed 8192K, reserved 1048576K
Event: 385.546 GC heap after
Heap after GC invocations=30 (full 4):
 PSYoungGen      total 484864K, used 19802K [0x00000007a0000000, 0x00000007bff80000, 0x00000007c0000000)
  eden space 444416K, 0% used [0x00000007a0000000,0x00000007a0000000,0x00000007bb200000)
  from space 40448K, 48% used [0x00000007bd800000,0x00000007beb56aa0,0x00000007bff80000)
  to   space 38912K, 0% used [0x00000007bb200000,0x00000007bb200000,0x00000007bd800000)
 ParOldGen       total 209920K, used 54126K [0x0000000760000000, 0x000000076cd00000, 0x00000007a0000000)
  object space 209920K, 25% used [0x0000000760000000,0x00000007634dbaf0,0x000000076cd00000)
 Metaspace       used 66009K, capacity 68598K, committed 68864K, reserved 1110016K
  class space    used 7568K, capacity 8065K, committed 8192K, reserved 1048576K
}

